<?xml version="1.0" encoding="UTF-8"?>
<testsuite xmlns:xsi="http://www.w3.org/2001/XMLSchema-instance" xsi:schemaLocation="https://maven.apache.org/surefire/maven-surefire-plugin/xsd/surefire-test-report.xsd" name="main.java.by.bntu.poisit.util.InputProductUtilsTest" time="0.052" tests="27" errors="0" skipped="0" failures="0">
  <properties>
    <property name="java.runtime.name" value="Java(TM) SE Runtime Environment"/>
    <property name="sun.boot.library.path" value="C:\Program Files\Java\jdk1.8.0_291\jre\bin"/>
    <property name="java.vm.version" value="25.291-b10"/>
    <property name="java.vm.vendor" value="Oracle Corporation"/>
    <property name="maven.multiModuleProjectDirectory" value="D:\NetBeansProjects\ishop_version_2.0"/>
    <property name="java.vendor.url" value="http://java.oracle.com/"/>
    <property name="path.separator" value=";"/>
    <property name="guice.disable.misplaced.annotation.check" value="true"/>
    <property name="java.vm.name" value="Java HotSpot(TM) 64-Bit Server VM"/>
    <property name="file.encoding.pkg" value="sun.io"/>
    <property name="user.script" value=""/>
    <property name="user.country" value="US"/>
    <property name="sun.java.launcher" value="SUN_STANDARD"/>
    <property name="sun.os.patch.level" value=""/>
    <property name="java.vm.specification.name" value="Java Virtual Machine Specification"/>
    <property name="user.dir" value="D:\NetBeansProjects\ishop_version_2.0"/>
    <property name="java.runtime.version" value="1.8.0_291-b10"/>
    <property name="netbeans.deploy" value="true"/>
    <property name="java.awt.graphicsenv" value="sun.awt.Win32GraphicsEnvironment"/>
    <property name="java.endorsed.dirs" value="C:\Program Files\Java\jdk1.8.0_291\jre\lib\endorsed"/>
    <property name="os.arch" value="amd64"/>
    <property name="java.io.tmpdir" value="C:\Users\User\AppData\Local\Temp\"/>
    <property name="line.separator" value="&#10;"/>
    <property name="java.vm.specification.vendor" value="Oracle Corporation"/>
    <property name="user.variant" value=""/>
    <property name="os.name" value="Windows 10"/>
    <property name="maven.ext.class.path" value="D:\NetBeans-12.0\netbeans\java\maven-nblib\netbeans-eventspy.jar"/>
    <property name="classworlds.conf" value="D:\NetBeans-12.0\netbeans\java\maven\bin\..\bin\m2.conf"/>
    <property name="sun.jnu.encoding" value="Cp1251"/>
    <property name="java.library.path" value="C:\Program Files\Java\jdk1.8.0_291\bin;C:\WINDOWS\Sun\Java\bin;C:\WINDOWS\system32;C:\WINDOWS;C:\Program Files\Common Files\Oracle\Java\javapath;C:\Program Files (x86)\NVIDIA Corporation\PhysX\Common;C:\Program Files (x86)\Common Files\Oracle\Java\javapath;&quot;C:\Program Files (x86)\Common Files\Oracle\Java\javapath\;c:\Program Files\Java\jdk1.8.0_261\bin\&quot;;C:\WINDOWS\system32;C:\WINDOWS;C:\WINDOWS\System32\Wbem;C:\WINDOWS\System32\WindowsPowerShell\v1.0\;C:\WINDOWS\System32\OpenSSH\;C:\Program Files\dotnet\;C:\Program Files (x86)\dotnet\;C:\Program Files\Microsoft SQL Server\Client SDK\ODBC\170\Tools\Binn\;C:\Program Files (x86)\Microsoft SQL Server\150\Tools\Binn\;C:\Program Files\Microsoft SQL Server\150\Tools\Binn\;C:\Program Files\Microsoft SQL Server\150\DTS\Binn\;C:\Program Files (x86)\Microsoft SQL Server\150\DTS\Binn\;C:\Program Files\Azure Data Studio\bin;D:\MathLab1\runtime\win64;D:\MathLab1\bin;D:\MathLab1\polyspace\bin;D:\Git\cmd;C:\Program Files\Microsoft SQL Server\Client SDK\ODBC\110\Tools\Binn\;C:\Program Files (x86)\Microsoft SQL Server\120\Tools\Binn\;C:\Program Files\Microsoft SQL Server\120\Tools\Binn\;C:\Program Files\Microsoft SQL Server\120\DTS\Binn\;C:\Program Files (x86)\Windows Kits\8.1\Windows Performance Toolkit\;C:\Program Files\Microsoft SQL Server\130\Tools\Binn\;C:\Users\User\AppData\Local\Microsoft\WindowsApps;C:\Users\User\.dotnet\tools;C:\Program Files\Azure Data Studio\bin;."/>
    <property name="maven.conf" value="D:\NetBeans-12.0\netbeans\java\maven\bin\../conf"/>
    <property name="java.specification.name" value="Java Platform API Specification"/>
    <property name="java.class.version" value="52.0"/>
    <property name="sun.management.compiler" value="HotSpot 64-Bit Tiered Compilers"/>
    <property name="os.version" value="10.0"/>
    <property name="library.jansi.path" value="D:\NetBeans-12.0\netbeans\java\maven\bin\..\lib\jansi-native"/>
    <property name="user.home" value="C:\Users\User"/>
    <property name="user.timezone" value="Europe/Minsk"/>
    <property name="java.awt.printerjob" value="sun.awt.windows.WPrinterJob"/>
    <property name="java.specification.version" value="1.8"/>
    <property name="file.encoding" value="UTF-8"/>
    <property name="user.name" value="User"/>
    <property name="java.class.path" value="D:\NetBeans-12.0\netbeans\java\maven\bin\..\boot\plexus-classworlds-2.6.0.jar"/>
    <property name="org.slf4j.simpleLogger.defaultLogLevel" value="error"/>
    <property name="java.vm.specification.version" value="1.8"/>
    <property name="sun.arch.data.model" value="64"/>
    <property name="java.home" value="C:\Program Files\Java\jdk1.8.0_291\jre"/>
    <property name="sun.java.command" value="org.codehaus.plexus.classworlds.launcher.Launcher -Dnetbeans.deploy=true -Dmaven.ext.class.path=D:\NetBeans-12.0\netbeans\java\maven-nblib\netbeans-eventspy.jar -Dfile.encoding=UTF-8 -q package"/>
    <property name="java.specification.vendor" value="Oracle Corporation"/>
    <property name="user.language" value="en"/>
    <property name="awt.toolkit" value="sun.awt.windows.WToolkit"/>
    <property name="java.vm.info" value="mixed mode"/>
    <property name="java.version" value="1.8.0_291"/>
    <property name="java.ext.dirs" value="C:\Program Files\Java\jdk1.8.0_291\jre\lib\ext;C:\WINDOWS\Sun\Java\lib\ext"/>
    <property name="sun.boot.class.path" value="C:\Program Files\Java\jdk1.8.0_291\jre\lib\resources.jar;C:\Program Files\Java\jdk1.8.0_291\jre\lib\rt.jar;C:\Program Files\Java\jdk1.8.0_291\jre\lib\sunrsasign.jar;C:\Program Files\Java\jdk1.8.0_291\jre\lib\jsse.jar;C:\Program Files\Java\jdk1.8.0_291\jre\lib\jce.jar;C:\Program Files\Java\jdk1.8.0_291\jre\lib\charsets.jar;C:\Program Files\Java\jdk1.8.0_291\jre\lib\jfr.jar;C:\Program Files\Java\jdk1.8.0_291\jre\classes"/>
    <property name="java.vendor" value="Oracle Corporation"/>
    <property name="maven.home" value="D:\NetBeans-12.0\netbeans\java\maven\bin\.."/>
    <property name="file.separator" value="\"/>
    <property name="java.vendor.url.bug" value="http://bugreport.sun.com/bugreport/"/>
    <property name="sun.cpu.endian" value="little"/>
    <property name="sun.io.unicode.encoding" value="UnicodeLittle"/>
    <property name="sun.desktop" value="windows"/>
    <property name="sun.cpu.isalist" value="amd64"/>
  </properties>
  <testcase name="testAddCodeSystemInfoWithIncorrectProductNameThenResultListEqualsExpListWithSystemInfoCodes" classname="main.java.by.bntu.poisit.util.InputProductUtilsTest" time="0.01"/>
  <testcase name="testIsValidDescriptionWithCorrectAmountOfSymbolsThenResultIsFalse" classname="main.java.by.bntu.poisit.util.InputProductUtilsTest" time="0"/>
  <testcase name="testIsValidProductNameWithCorrectParameterLatinSymbolsThenResultIsTrue" classname="main.java.by.bntu.poisit.util.InputProductUtilsTest" time="0"/>
  <testcase name="testIsValidProductIDWithCorrectNumbersThenResultIsTrue" classname="main.java.by.bntu.poisit.util.InputProductUtilsTest" time="0.002"/>
  <testcase name="testGenerateErrorMessageWithAllIncorrectParametersThenResultEqualsExpResultStr" classname="main.java.by.bntu.poisit.util.InputProductUtilsTest" time="0"/>
  <testcase name="testIsValidPriceWithIncorrectParameterThenResultIsTrue" classname="main.java.by.bntu.poisit.util.InputProductUtilsTest" time="0"/>
  <testcase name="testIsValidProductNameWithIncorrectParameterThenResultIsFalse" classname="main.java.by.bntu.poisit.util.InputProductUtilsTest" time="0"/>
  <testcase name="testIsValidPriceWithIncorrectAmountOfNumbersThenResultIsFalse" classname="main.java.by.bntu.poisit.util.InputProductUtilsTest" time="0"/>
  <testcase name="testIsValidProductNameWithCorrectAmountOfSymbolsThenResultIsTrue" classname="main.java.by.bntu.poisit.util.InputProductUtilsTest" time="0"/>
  <testcase name="testIsValidPriceWithCorrectParameterThenResultIsTrue" classname="main.java.by.bntu.poisit.util.InputProductUtilsTest" time="0"/>
  <testcase name="testIsValidProductNameWithCorrectParameterOfNumbersThenResultIsTrue" classname="main.java.by.bntu.poisit.util.InputProductUtilsTest" time="0.001"/>
  <testcase name="testIsValidProductIDWithCorrectAmountOfSymbolsThenResultIsFalse" classname="main.java.by.bntu.poisit.util.InputProductUtilsTest" time="0"/>
  <testcase name="testIsValidProductIDWithIncorrectAmountOfSymbolsThenResultIsFalse" classname="main.java.by.bntu.poisit.util.InputProductUtilsTest" time="0"/>
  <testcase name="testAddCodeSystemInfoWithIncorrectPriceThenResultListEqualsExpListWithSystemInfoCodes" classname="main.java.by.bntu.poisit.util.InputProductUtilsTest" time="0.014"/>
  <testcase name="testIsValidProductNameWithIncorrectAmountOfSymbolsThenResultIsTrue" classname="main.java.by.bntu.poisit.util.InputProductUtilsTest" time="0"/>
  <testcase name="testAddCodeSystemInfoWithAllCorrectParametersThenResultListEqualsExpListWithSystemInfoCodes" classname="main.java.by.bntu.poisit.util.InputProductUtilsTest" time="0"/>
  <testcase name="testAddCodeSystemInfoWithIncorrectDescriptionThenResultListEqualsExpListWithSystemInfoCodes" classname="main.java.by.bntu.poisit.util.InputProductUtilsTest" time="0"/>
  <testcase name="testGenerateErrorMessageWithAllCorrectParametersThenResultEqualsExpResultStr" classname="main.java.by.bntu.poisit.util.InputProductUtilsTest" time="0"/>
  <testcase name="testIsValidPriceWithIncorrectParameterThenResultIsFalse" classname="main.java.by.bntu.poisit.util.InputProductUtilsTest" time="0"/>
  <testcase name="testIsValidProductIDWithIncorrectNumbersThenResultIsFalse" classname="main.java.by.bntu.poisit.util.InputProductUtilsTest" time="0"/>
  <testcase name="testGenerateErrorMessageWithIncorrectParameterProductIDThenResultEqualsExpResultStr" classname="main.java.by.bntu.poisit.util.InputProductUtilsTest" time="0"/>
  <testcase name="testAddCodeSystemInfoWithAllIncorrectParametersThenResultListEqualsExpListWithSystemInfoCodes" classname="main.java.by.bntu.poisit.util.InputProductUtilsTest" time="0"/>
  <testcase name="testIsValidProductIDWithIncorrectNumberNullThenResultIsFalse" classname="main.java.by.bntu.poisit.util.InputProductUtilsTest" time="0"/>
  <testcase name="testIsValidPriceWithCorrectAmountOfNumberThenResultIsTrue" classname="main.java.by.bntu.poisit.util.InputProductUtilsTest" time="0"/>
  <testcase name="testIsValidProductNameWithCorrectParameterOfPuncMarksThenResultIsTrue" classname="main.java.by.bntu.poisit.util.InputProductUtilsTest" time="0"/>
  <testcase name="testIsValidDescriptionWithIncorrectAmountOfSymbolsThenResultIsFalse" classname="main.java.by.bntu.poisit.util.InputProductUtilsTest" time="0"/>
  <testcase name="testAddCodeSystemInfoWithIncorrectProductIDThenResultListEqualsExpListWithSystemInfoCodes" classname="main.java.by.bntu.poisit.util.InputProductUtilsTest" time="0"/>
</testsuite>