<?xml version="1.0" encoding="UTF-8"?>
<testsuite xmlns:xsi="http://www.w3.org/2001/XMLSchema-instance" xsi:schemaLocation="https://maven.apache.org/surefire/maven-surefire-plugin/xsd/surefire-test-report.xsd" name="main.java.by.bntu.poisit.service.impl.ProductServiceImplTest" time="0.094" tests="9" errors="9" skipped="0" failures="0">
  <properties>
    <property name="java.runtime.name" value="Java(TM) SE Runtime Environment"/>
    <property name="sun.boot.library.path" value="C:\Program Files\Java\jdk1.8.0_291\jre\bin"/>
    <property name="java.vm.version" value="25.291-b10"/>
    <property name="java.vm.vendor" value="Oracle Corporation"/>
    <property name="maven.multiModuleProjectDirectory" value="D:\NetBeansProjects\ishop_version_2.0"/>
    <property name="java.vendor.url" value="http://java.oracle.com/"/>
    <property name="path.separator" value=";"/>
    <property name="guice.disable.misplaced.annotation.check" value="true"/>
    <property name="java.vm.name" value="Java HotSpot(TM) 64-Bit Server VM"/>
    <property name="file.encoding.pkg" value="sun.io"/>
    <property name="user.script" value=""/>
    <property name="user.country" value="US"/>
    <property name="sun.java.launcher" value="SUN_STANDARD"/>
    <property name="sun.os.patch.level" value=""/>
    <property name="java.vm.specification.name" value="Java Virtual Machine Specification"/>
    <property name="user.dir" value="D:\NetBeansProjects\ishop_version_2.0"/>
    <property name="java.runtime.version" value="1.8.0_291-b10"/>
    <property name="netbeans.deploy" value="true"/>
    <property name="java.awt.graphicsenv" value="sun.awt.Win32GraphicsEnvironment"/>
    <property name="java.endorsed.dirs" value="C:\Program Files\Java\jdk1.8.0_291\jre\lib\endorsed"/>
    <property name="os.arch" value="amd64"/>
    <property name="java.io.tmpdir" value="C:\Users\User\AppData\Local\Temp\"/>
    <property name="line.separator" value="&#10;"/>
    <property name="java.vm.specification.vendor" value="Oracle Corporation"/>
    <property name="user.variant" value=""/>
    <property name="os.name" value="Windows 10"/>
    <property name="maven.ext.class.path" value="D:\NetBeans-12.0\netbeans\java\maven-nblib\netbeans-eventspy.jar"/>
    <property name="classworlds.conf" value="D:\NetBeans-12.0\netbeans\java\maven\bin\..\bin\m2.conf"/>
    <property name="sun.jnu.encoding" value="Cp1251"/>
    <property name="java.library.path" value="C:\Program Files\Java\jdk1.8.0_291\bin;C:\WINDOWS\Sun\Java\bin;C:\WINDOWS\system32;C:\WINDOWS;C:\Program Files\Common Files\Oracle\Java\javapath;C:\Program Files (x86)\NVIDIA Corporation\PhysX\Common;C:\Program Files (x86)\Common Files\Oracle\Java\javapath;&quot;C:\Program Files (x86)\Common Files\Oracle\Java\javapath\;c:\Program Files\Java\jdk1.8.0_261\bin\&quot;;C:\WINDOWS\system32;C:\WINDOWS;C:\WINDOWS\System32\Wbem;C:\WINDOWS\System32\WindowsPowerShell\v1.0\;C:\WINDOWS\System32\OpenSSH\;C:\Program Files\dotnet\;C:\Program Files (x86)\dotnet\;C:\Program Files\Microsoft SQL Server\Client SDK\ODBC\170\Tools\Binn\;C:\Program Files (x86)\Microsoft SQL Server\150\Tools\Binn\;C:\Program Files\Microsoft SQL Server\150\Tools\Binn\;C:\Program Files\Microsoft SQL Server\150\DTS\Binn\;C:\Program Files (x86)\Microsoft SQL Server\150\DTS\Binn\;C:\Program Files\Azure Data Studio\bin;D:\MathLab1\runtime\win64;D:\MathLab1\bin;D:\MathLab1\polyspace\bin;D:\Git\cmd;C:\Program Files\Microsoft SQL Server\Client SDK\ODBC\110\Tools\Binn\;C:\Program Files (x86)\Microsoft SQL Server\120\Tools\Binn\;C:\Program Files\Microsoft SQL Server\120\Tools\Binn\;C:\Program Files\Microsoft SQL Server\120\DTS\Binn\;C:\Program Files (x86)\Windows Kits\8.1\Windows Performance Toolkit\;C:\Program Files\Microsoft SQL Server\130\Tools\Binn\;C:\Users\User\AppData\Local\Microsoft\WindowsApps;C:\Users\User\.dotnet\tools;C:\Program Files\Azure Data Studio\bin;."/>
    <property name="maven.conf" value="D:\NetBeans-12.0\netbeans\java\maven\bin\../conf"/>
    <property name="java.specification.name" value="Java Platform API Specification"/>
    <property name="java.class.version" value="52.0"/>
    <property name="sun.management.compiler" value="HotSpot 64-Bit Tiered Compilers"/>
    <property name="os.version" value="10.0"/>
    <property name="library.jansi.path" value="D:\NetBeans-12.0\netbeans\java\maven\bin\..\lib\jansi-native"/>
    <property name="user.home" value="C:\Users\User"/>
    <property name="user.timezone" value="Europe/Minsk"/>
    <property name="java.awt.printerjob" value="sun.awt.windows.WPrinterJob"/>
    <property name="java.specification.version" value="1.8"/>
    <property name="file.encoding" value="UTF-8"/>
    <property name="user.name" value="User"/>
    <property name="java.class.path" value="D:\NetBeans-12.0\netbeans\java\maven\bin\..\boot\plexus-classworlds-2.6.0.jar"/>
    <property name="org.slf4j.simpleLogger.defaultLogLevel" value="error"/>
    <property name="java.vm.specification.version" value="1.8"/>
    <property name="sun.arch.data.model" value="64"/>
    <property name="java.home" value="C:\Program Files\Java\jdk1.8.0_291\jre"/>
    <property name="sun.java.command" value="org.codehaus.plexus.classworlds.launcher.Launcher -Dnetbeans.deploy=true -Dmaven.ext.class.path=D:\NetBeans-12.0\netbeans\java\maven-nblib\netbeans-eventspy.jar -Dfile.encoding=UTF-8 -q package"/>
    <property name="java.specification.vendor" value="Oracle Corporation"/>
    <property name="user.language" value="en"/>
    <property name="awt.toolkit" value="sun.awt.windows.WToolkit"/>
    <property name="java.vm.info" value="mixed mode"/>
    <property name="java.version" value="1.8.0_291"/>
    <property name="java.ext.dirs" value="C:\Program Files\Java\jdk1.8.0_291\jre\lib\ext;C:\WINDOWS\Sun\Java\lib\ext"/>
    <property name="sun.boot.class.path" value="C:\Program Files\Java\jdk1.8.0_291\jre\lib\resources.jar;C:\Program Files\Java\jdk1.8.0_291\jre\lib\rt.jar;C:\Program Files\Java\jdk1.8.0_291\jre\lib\sunrsasign.jar;C:\Program Files\Java\jdk1.8.0_291\jre\lib\jsse.jar;C:\Program Files\Java\jdk1.8.0_291\jre\lib\jce.jar;C:\Program Files\Java\jdk1.8.0_291\jre\lib\charsets.jar;C:\Program Files\Java\jdk1.8.0_291\jre\lib\jfr.jar;C:\Program Files\Java\jdk1.8.0_291\jre\classes"/>
    <property name="java.vendor" value="Oracle Corporation"/>
    <property name="maven.home" value="D:\NetBeans-12.0\netbeans\java\maven\bin\.."/>
    <property name="file.separator" value="\"/>
    <property name="java.vendor.url.bug" value="http://bugreport.sun.com/bugreport/"/>
    <property name="sun.cpu.endian" value="little"/>
    <property name="sun.io.unicode.encoding" value="UnicodeLittle"/>
    <property name="sun.desktop" value="windows"/>
    <property name="sun.cpu.isalist" value="amd64"/>
  </properties>
  <testcase name="testCallSelectIdFromNotExistNameOfCategoryThenNotFindIdCategory" classname="main.java.by.bntu.poisit.service.impl.ProductServiceImplTest" time="0.037">
    <error type="java.lang.NullPointerException">java.lang.NullPointerException
	at main.java.by.bntu.poisit.service.impl.ProductServiceImplTest.testCallSelectIdFromNotExistNameOfCategoryThenNotFindIdCategory(ProductServiceImplTest.java:72)
</error>
  </testcase>
  <testcase name="testCallListAllCategoriesThenListOfCategoriesIsNotNull" classname="main.java.by.bntu.poisit.service.impl.ProductServiceImplTest" time="0.001">
    <error type="java.lang.NullPointerException">java.lang.NullPointerException
	at main.java.by.bntu.poisit.service.impl.ProductServiceImplTest.testCallListAllCategoriesThenListOfCategoriesIsNotNull(ProductServiceImplTest.java:110)
</error>
  </testcase>
  <testcase name="testCallListAllProducersThenListOfProducersIsNotNull" classname="main.java.by.bntu.poisit.service.impl.ProductServiceImplTest" time="0.001">
    <error type="java.lang.NullPointerException">java.lang.NullPointerException
	at main.java.by.bntu.poisit.service.impl.ProductServiceImplTest.testCallListAllProducersThenListOfProducersIsNotNull(ProductServiceImplTest.java:117)
</error>
  </testcase>
  <testcase name="testCallListAllProductsThenResultIsNull" classname="main.java.by.bntu.poisit.service.impl.ProductServiceImplTest" time="0.002">
    <error type="java.lang.NullPointerException">java.lang.NullPointerException
	at main.java.by.bntu.poisit.service.impl.ProductServiceImplTest.testCallListAllProductsThenResultIsNull(ProductServiceImplTest.java:55)
</error>
  </testcase>
  <testcase name="testCallCountProductsByCategoryThenCountIsCorrect" classname="main.java.by.bntu.poisit.service.impl.ProductServiceImplTest" time="0.001">
    <error type="java.lang.NullPointerException">java.lang.NullPointerException
	at main.java.by.bntu.poisit.service.impl.ProductServiceImplTest.testCallCountProductsByCategoryThenCountIsCorrect(ProductServiceImplTest.java:132)
</error>
  </testcase>
  <testcase name="testCallListAllProductsThenResultIsNotNull" classname="main.java.by.bntu.poisit.service.impl.ProductServiceImplTest" time="0.004">
    <error message="&#10;Invalid use of argument matchers!&#10;0 matchers expected, 2 recorded:&#10;-&gt; at main.java.by.bntu.poisit.service.impl.ProductServiceImplTest.testCallListAllProductsThenResultIsNotNull(ProductServiceImplTest.java:43)&#10;-&gt; at main.java.by.bntu.poisit.service.impl.ProductServiceImplTest.testCallListAllProductsThenResultIsNotNull(ProductServiceImplTest.java:44)&#10;&#10;This exception may occur if matchers are combined with raw values:&#10;    //incorrect:&#10;    someMethod(anyObject(), &quot;raw String&quot;);&#10;When using matchers, all arguments have to be provided by matchers.&#10;For example:&#10;    //correct:&#10;    someMethod(anyObject(), eq(&quot;String by matcher&quot;));&#10;&#10;For more info see javadoc for Matchers class.&#10;" type="org.mockito.exceptions.misusing.InvalidUseOfMatchersException">org.mockito.exceptions.misusing.InvalidUseOfMatchersException: 

Invalid use of argument matchers!
0 matchers expected, 2 recorded:
-> at main.java.by.bntu.poisit.service.impl.ProductServiceImplTest.testCallListAllProductsThenResultIsNotNull(ProductServiceImplTest.java:43)
-> at main.java.by.bntu.poisit.service.impl.ProductServiceImplTest.testCallListAllProductsThenResultIsNotNull(ProductServiceImplTest.java:44)

This exception may occur if matchers are combined with raw values:
    //incorrect:
    someMethod(anyObject(), "raw String");
When using matchers, all arguments have to be provided by matchers.
For example:
    //correct:
    someMethod(anyObject(), eq("String by matcher"));

For more info see javadoc for Matchers class.

	at main.java.by.bntu.poisit.service.impl.ProductServiceImplTest.testCallListAllProductsThenResultIsNotNull(ProductServiceImplTest.java:45)
</error>
  </testcase>
  <testcase name="testCallCountAllProductsThenCountIsCorrect" classname="main.java.by.bntu.poisit.service.impl.ProductServiceImplTest" time="0.001">
    <error type="java.lang.NullPointerException">java.lang.NullPointerException
	at main.java.by.bntu.poisit.service.impl.ProductServiceImplTest.testCallCountAllProductsThenCountIsCorrect(ProductServiceImplTest.java:124)
</error>
  </testcase>
  <testcase name="testCallSelectIdFromExistNameOfCategoryThenFindIdCategory" classname="main.java.by.bntu.poisit.service.impl.ProductServiceImplTest" time="0.001">
    <error type="java.lang.NullPointerException">java.lang.NullPointerException
	at main.java.by.bntu.poisit.service.impl.ProductServiceImplTest.testCallSelectIdFromExistNameOfCategoryThenFindIdCategory(ProductServiceImplTest.java:63)
</error>
  </testcase>
  <testcase name="testCallListProductsByCategoryThenListCategoriesIsPresentInSystem" classname="main.java.by.bntu.poisit.service.impl.ProductServiceImplTest" time="0.001">
    <error message="&#10;Invalid use of argument matchers!&#10;0 matchers expected, 2 recorded:&#10;-&gt; at main.java.by.bntu.poisit.service.impl.ProductServiceImplTest.testCallListProductsByCategoryThenListCategoriesIsPresentInSystem(ProductServiceImplTest.java:97)&#10;-&gt; at main.java.by.bntu.poisit.service.impl.ProductServiceImplTest.testCallListProductsByCategoryThenListCategoriesIsPresentInSystem(ProductServiceImplTest.java:98)&#10;&#10;This exception may occur if matchers are combined with raw values:&#10;    //incorrect:&#10;    someMethod(anyObject(), &quot;raw String&quot;);&#10;When using matchers, all arguments have to be provided by matchers.&#10;For example:&#10;    //correct:&#10;    someMethod(anyObject(), eq(&quot;String by matcher&quot;));&#10;&#10;For more info see javadoc for Matchers class.&#10;" type="org.mockito.exceptions.misusing.InvalidUseOfMatchersException">org.mockito.exceptions.misusing.InvalidUseOfMatchersException: 

Invalid use of argument matchers!
0 matchers expected, 2 recorded:
-> at main.java.by.bntu.poisit.service.impl.ProductServiceImplTest.testCallListProductsByCategoryThenListCategoriesIsPresentInSystem(ProductServiceImplTest.java:97)
-> at main.java.by.bntu.poisit.service.impl.ProductServiceImplTest.testCallListProductsByCategoryThenListCategoriesIsPresentInSystem(ProductServiceImplTest.java:98)

This exception may occur if matchers are combined with raw values:
    //incorrect:
    someMethod(anyObject(), "raw String");
When using matchers, all arguments have to be provided by matchers.
For example:
    //correct:
    someMethod(anyObject(), eq("String by matcher"));

For more info see javadoc for Matchers class.

	at main.java.by.bntu.poisit.service.impl.ProductServiceImplTest.testCallListProductsByCategoryThenListCategoriesIsPresentInSystem(ProductServiceImplTest.java:100)
</error>
  </testcase>
</testsuite>